<?xml version="1.0" encoding="UTF-8"?>
<!-- Generated by org.testng.reporters.JUnitReportReporter -->
<testsuite hostname="DESKTOP-EBOQ8TM" failures="0" tests="1" name="com.qa.testscript.TC_TrainReservation_001" time="93.267" errors="0" timestamp="2021-09-27T19:24:29 IST" skipped="0">
  <testcase classname="com.qa.testscript.TC_TrainReservation_001" name="reservationDetails" time="93.267"/>
  <system-out>
    <![CDATA[Module Url contains https://www.makemytrip.com/railways/
From Location is selected
To Location is selected
Class is selected
Module title is MakeMyTrip - Trains
Select Travellers page url has the word:https://www.makemytrip.com/railways/review
Cancellation checkbox is not selected
Traveller is not selected
Payment Page Url has the word https://payments.makemytrip.com/ui/checkout/?id=562842146865672]]>
  </system-out>
</testsuite> <!-- com.qa.testscript.TC_TrainReservation_001 -->
