<?xml version="1.0" encoding="UTF-8"?>
<!-- Generated by org.testng.reporters.JUnitReportReporter -->
<testsuite skipped="0" hostname="DESKTOP-EBOQ8TM" name="com.qa.testscript.TC_TrainReservation_001" tests="1" failures="0" timestamp="2021-09-27T20:01:43 IST" time="88.279" errors="0">
  <testcase name="reservationDetails" time="88.279" classname="com.qa.testscript.TC_TrainReservation_001"/>
  <system-out>
    <![CDATA[Module Url contains https://www.makemytrip.com/railways/
From Location is selected
To Location is selected
Class is selected
Module title is MakeMyTrip - Trains
Select Travellers page url has the word:https://www.makemytrip.com/railways/review
Cancellation checkbox is not selected
Traveller is not selected
Payment Page Url has the word https://payments.makemytrip.com/ui/checkout/?id=56285554097999]]>
  </system-out>
</testsuite> <!-- com.qa.testscript.TC_TrainReservation_001 -->
